2026-04-16 14:23:43,676 - __main__ - INFO - $MONDAY bot starting...
2026-04-16 14:23:43,757 - httpx - INFO - HTTP Request: POST https://api.telegram.org/bot8611416012:AAHo_LLzrwyudUuZt-qfydk4MA8NdUj-shk/getMe "HTTP/1.1 200 OK"
2026-04-16 14:23:43,757 - telegram.ext.Application - INFO - Application started
2026-04-16 14:23:43,778 - httpx - INFO - HTTP Request: POST https://api.telegram.org/bot8611416012:AAHo_LLzrwyudUuZt-qfydk4MA8NdUj-shk/deleteWebhook "HTTP/1.1 200 OK"
2026-04-16 14:23:43,778 - __main__ - INFO - Bot is running. Press Ctrl+C to stop.
2026-04-16 14:23:53,866 - httpx - INFO - HTTP Request: POST https://api.telegram.org/bot8611416012:AAHo_LLzrwyudUuZt-qfydk4MA8NdUj-shk/getUpdates "HTTP/1.1 200 OK"
2026-04-16 14:24:03,894 - httpx - INFO - HTTP Request: POST https://api.telegram.org/bot8611416012:AAHo_LLzrwyudUuZt-qfydk4MA8NdUj-shk/getUpdates "HTTP/1.1 200 OK"
2026-04-16 14:24:13,925 - httpx - INFO - HTTP Request: POST https://api.telegram.org/bot8611416012:AAHo_LLzrwyudUuZt-qfydk4MA8NdUj-shk/getUpdates "HTTP/1.1 200 OK"
2026-04-16 14:24:23,957 - httpx - INFO - HTTP Request: POST https://api.telegram.org/bot8611416012:AAHo_LLzrwyudUuZt-qfydk4MA8NdUj-shk/getUpdates "HTTP/1.1 200 OK"
2026-04-16 14:24:33,983 - httpx - INFO - HTTP Request: POST https://api.telegram.org/bot8611416012:AAHo_LLzrwyudUuZt-qfydk4MA8NdUj-shk/getUpdates "HTTP/1.1 200 OK"
2026-04-16 14:24:44,012 - httpx - INFO - HTTP Request: POST https://api.telegram.org/bot8611416012:AAHo_LLzrwyudUuZt-qfydk4MA8NdUj-shk/getUpdates "HTTP/1.1 200 OK"
2026-04-16 14:24:54,039 - httpx - INFO - HTTP Request: POST https://api.telegram.org/bot8611416012:AAHo_LLzrwyudUuZt-qfydk4MA8NdUj-shk/getUpdates "HTTP/1.1 200 OK"
2026-04-16 14:25:02,570 - httpx - INFO - HTTP Request: POST https://api.telegram.org/bot8611416012:AAHo_LLzrwyudUuZt-qfydk4MA8NdUj-shk/getUpdates "HTTP/1.1 200 OK"
2026-04-16 14:25:02,600 - httpx - INFO - HTTP Request: POST https://api.telegram.org/bot8611416012:AAHo_LLzrwyudUuZt-qfydk4MA8NdUj-shk/getUpdates "HTTP/1.1 200 OK"
2026-04-16 14:25:12,628 - httpx - INFO - HTTP Request: POST https://api.telegram.org/bot8611416012:AAHo_LLzrwyudUuZt-qfydk4MA8NdUj-shk/getUpdates "HTTP/1.1 200 OK"
2026-04-16 14:25:22,654 - httpx - INFO - HTTP Request: POST https://api.telegram.org/bot8611416012:AAHo_LLzrwyudUuZt-qfydk4MA8NdUj-shk/getUpdates "HTTP/1.1 200 OK"
2026-04-16 14:25:32,690 - httpx - INFO - HTTP Request: POST https://api.telegram.org/bot8611416012:AAHo_LLzrwyudUuZt-qfydk4MA8NdUj-shk/getUpdates "HTTP/1.1 200 OK"
2026-04-16 14:25:42,715 - httpx - INFO - HTTP Request: POST https://api.telegram.org/bot8611416012:AAHo_LLzrwyudUuZt-qfydk4MA8NdUj-shk/getUpdates "HTTP/1.1 200 OK"
2026-04-16 14:25:52,743 - httpx - INFO - HTTP Request: POST https://api.telegram.org/bot8611416012:AAHo_LLzrwyudUuZt-qfydk4MA8NdUj-shk/getUpdates "HTTP/1.1 200 OK"
2026-04-16 14:26:02,768 - httpx - INFO - HTTP Request: POST https://api.telegram.org/bot8611416012:AAHo_LLzrwyudUuZt-qfydk4MA8NdUj-shk/getUpdates "HTTP/1.1 200 OK"
2026-04-16 14:26:12,798 - httpx - INFO - HTTP Request: POST https://api.telegram.org/bot8611416012:AAHo_LLzrwyudUuZt-qfydk4MA8NdUj-shk/getUpdates "HTTP/1.1 200 OK"
2026-04-16 14:26:22,827 - httpx - INFO - HTTP Request: POST https://api.telegram.org/bot8611416012:AAHo_LLzrwyudUuZt-qfydk4MA8NdUj-shk/getUpdates "HTTP/1.1 200 OK"
2026-04-16 14:26:32,858 - httpx - INFO - HTTP Request: POST https://api.telegram.org/bot8611416012:AAHo_LLzrwyudUuZt-qfydk4MA8NdUj-shk/getUpdates "HTTP/1.1 200 OK"
2026-04-16 14:26:42,890 - httpx - INFO - HTTP Request: POST https://api.telegram.org/bot8611416012:AAHo_LLzrwyudUuZt-qfydk4MA8NdUj-shk/getUpdates "HTTP/1.1 200 OK"
2026-04-16 14:26:52,915 - httpx - INFO - HTTP Request: POST https://api.telegram.org/bot8611416012:AAHo_LLzrwyudUuZt-qfydk4MA8NdUj-shk/getUpdates "HTTP/1.1 200 OK"
2026-04-16 14:27:02,948 - httpx - INFO - HTTP Request: POST https://api.telegram.org/bot8611416012:AAHo_LLzrwyudUuZt-qfydk4MA8NdUj-shk/getUpdates "HTTP/1.1 200 OK"
2026-04-16 14:27:12,975 - httpx - INFO - HTTP Request: POST https://api.telegram.org/bot8611416012:AAHo_LLzrwyudUuZt-qfydk4MA8NdUj-shk/getUpdates "HTTP/1.1 200 OK"
2026-04-16 14:27:23,002 - httpx - INFO - HTTP Request: POST https://api.telegram.org/bot8611416012:AAHo_LLzrwyudUuZt-qfydk4MA8NdUj-shk/getUpdates "HTTP/1.1 200 OK"
2026-04-16 14:27:32,929 - httpx - INFO - HTTP Request: POST https://api.telegram.org/bot8611416012:AAHo_LLzrwyudUuZt-qfydk4MA8NdUj-shk/getUpdates "HTTP/1.1 200 OK"
2026-04-16 14:27:42,959 - httpx - INFO - HTTP Request: POST https://api.telegram.org/bot8611416012:AAHo_LLzrwyudUuZt-qfydk4MA8NdUj-shk/getUpdates "HTTP/1.1 200 OK"
2026-04-16 14:27:52,986 - httpx - INFO - HTTP Request: POST https://api.telegram.org/bot8611416012:AAHo_LLzrwyudUuZt-qfydk4MA8NdUj-shk/getUpdates "HTTP/1.1 200 OK"
2026-04-16 14:28:03,016 - httpx - INFO - HTTP Request: POST https://api.telegram.org/bot8611416012:AAHo_LLzrwyudUuZt-qfydk4MA8NdUj-shk/getUpdates "HTTP/1.1 200 OK"
2026-04-16 14:28:13,046 - httpx - INFO - HTTP Request: POST https://api.telegram.org/bot8611416012:AAHo_LLzrwyudUuZt-qfydk4MA8NdUj-shk/getUpdates "HTTP/1.1 200 OK"
2026-04-16 14:28:23,071 - httpx - INFO - HTTP Request: POST https://api.telegram.org/bot8611416012:AAHo_LLzrwyudUuZt-qfydk4MA8NdUj-shk/getUpdates "HTTP/1.1 200 OK"
2026-04-16 14:28:33,101 - httpx - INFO - HTTP Request: POST https://api.telegram.org/bot8611416012:AAHo_LLzrwyudUuZt-qfydk4MA8NdUj-shk/getUpdates "HTTP/1.1 200 OK"
2026-04-16 14:28:43,126 - httpx - INFO - HTTP Request: POST https://api.telegram.org/bot8611416012:AAHo_LLzrwyudUuZt-qfydk4MA8NdUj-shk/getUpdates "HTTP/1.1 200 OK"
2026-04-16 14:28:53,161 - httpx - INFO - HTTP Request: POST https://api.telegram.org/bot8611416012:AAHo_LLzrwyudUuZt-qfydk4MA8NdUj-shk/getUpdates "HTTP/1.1 200 OK"
2026-04-16 14:29:03,193 - httpx - INFO - HTTP Request: POST https://api.telegram.org/bot8611416012:AAHo_LLzrwyudUuZt-qfydk4MA8NdUj-shk/getUpdates "HTTP/1.1 200 OK"
2026-04-16 14:29:13,222 - httpx - INFO - HTTP Request: POST https://api.telegram.org/bot8611416012:AAHo_LLzrwyudUuZt-qfydk4MA8NdUj-shk/getUpdates "HTTP/1.1 200 OK"
2026-04-16 14:29:23,249 - httpx - INFO - HTTP Request: POST https://api.telegram.org/bot8611416012:AAHo_LLzrwyudUuZt-qfydk4MA8NdUj-shk/getUpdates "HTTP/1.1 200 OK"
2026-04-16 14:29:33,276 - httpx - INFO - HTTP Request: POST https://api.telegram.org/bot8611416012:AAHo_LLzrwyudUuZt-qfydk4MA8NdUj-shk/getUpdates "HTTP/1.1 200 OK"
2026-04-16 14:29:43,304 - httpx - INFO - HTTP Request: POST https://api.telegram.org/bot8611416012:AAHo_LLzrwyudUuZt-qfydk4MA8NdUj-shk/getUpdates "HTTP/1.1 200 OK"
2026-04-16 14:29:53,329 - httpx - INFO - HTTP Request: POST https://api.telegram.org/bot8611416012:AAHo_LLzrwyudUuZt-qfydk4MA8NdUj-shk/getUpdates "HTTP/1.1 200 OK"
2026-04-16 14:30:03,362 - httpx - INFO - HTTP Request: POST https://api.telegram.org/bot8611416012:AAHo_LLzrwyudUuZt-qfydk4MA8NdUj-shk/getUpdates "HTTP/1.1 200 OK"
2026-04-16 14:30:13,392 - httpx - INFO - HTTP Request: POST https://api.telegram.org/bot8611416012:AAHo_LLzrwyudUuZt-qfydk4MA8NdUj-shk/getUpdates "HTTP/1.1 200 OK"
2026-04-16 14:30:23,420 - httpx - INFO - HTTP Request: POST https://api.telegram.org/bot8611416012:AAHo_LLzrwyudUuZt-qfydk4MA8NdUj-shk/getUpdates "HTTP/1.1 200 OK"
2026-04-16 14:30:33,448 - httpx - INFO - HTTP Request: POST https://api.telegram.org/bot8611416012:AAHo_LLzrwyudUuZt-qfydk4MA8NdUj-shk/getUpdates "HTTP/1.1 200 OK"
2026-04-16 14:30:43,494 - httpx - INFO - HTTP Request: POST https://api.telegram.org/bot8611416012:AAHo_LLzrwyudUuZt-qfydk4MA8NdUj-shk/getUpdates "HTTP/1.1 200 OK"
2026-04-16 14:30:53,521 - httpx - INFO - HTTP Request: POST https://api.telegram.org/bot8611416012:AAHo_LLzrwyudUuZt-qfydk4MA8NdUj-shk/getUpdates "HTTP/1.1 200 OK"
2026-04-16 14:31:03,548 - httpx - INFO - HTTP Request: POST https://api.telegram.org/bot8611416012:AAHo_LLzrwyudUuZt-qfydk4MA8NdUj-shk/getUpdates "HTTP/1.1 200 OK"
2026-04-16 14:31:13,576 - httpx - INFO - HTTP Request: POST https://api.telegram.org/bot8611416012:AAHo_LLzrwyudUuZt-qfydk4MA8NdUj-shk/getUpdates "HTTP/1.1 200 OK"
2026-04-16 14:31:23,682 - httpx - INFO - HTTP Request: POST https://api.telegram.org/bot8611416012:AAHo_LLzrwyudUuZt-qfydk4MA8NdUj-shk/getUpdates "HTTP/1.1 200 OK"
2026-04-16 14:31:33,717 - httpx - INFO - HTTP Request: POST https://api.telegram.org/bot8611416012:AAHo_LLzrwyudUuZt-qfydk4MA8NdUj-shk/getUpdates "HTTP/1.1 200 OK"
2026-04-16 14:31:43,789 - httpx - INFO - HTTP Request: POST https://api.telegram.org/bot8611416012:AAHo_LLzrwyudUuZt-qfydk4MA8NdUj-shk/getUpdates "HTTP/1.1 200 OK"
2026-04-16 14:31:53,818 - httpx - INFO - HTTP Request: POST https://api.telegram.org/bot8611416012:AAHo_LLzrwyudUuZt-qfydk4MA8NdUj-shk/getUpdates "HTTP/1.1 200 OK"
2026-04-16 14:32:03,845 - httpx - INFO - HTTP Request: POST https://api.telegram.org/bot8611416012:AAHo_LLzrwyudUuZt-qfydk4MA8NdUj-shk/getUpdates "HTTP/1.1 200 OK"
2026-04-16 14:32:13,871 - httpx - INFO - HTTP Request: POST https://api.telegram.org/bot8611416012:AAHo_LLzrwyudUuZt-qfydk4MA8NdUj-shk/getUpdates "HTTP/1.1 200 OK"
2026-04-16 14:32:23,966 - httpx - INFO - HTTP Request: POST https://api.telegram.org/bot8611416012:AAHo_LLzrwyudUuZt-qfydk4MA8NdUj-shk/getUpdates "HTTP/1.1 200 OK"
2026-04-16 14:32:33,994 - httpx - INFO - HTTP Request: POST https://api.telegram.org/bot8611416012:AAHo_LLzrwyudUuZt-qfydk4MA8NdUj-shk/getUpdates "HTTP/1.1 200 OK"
2026-04-16 14:32:44,081 - httpx - INFO - HTTP Request: POST https://api.telegram.org/bot8611416012:AAHo_LLzrwyudUuZt-qfydk4MA8NdUj-shk/getUpdates "HTTP/1.1 200 OK"
2026-04-16 14:32:54,113 - httpx - INFO - HTTP Request: POST https://api.telegram.org/bot8611416012:AAHo_LLzrwyudUuZt-qfydk4MA8NdUj-shk/getUpdates "HTTP/1.1 200 OK"
2026-04-16 14:33:04,140 - httpx - INFO - HTTP Request: POST https://api.telegram.org/bot8611416012:AAHo_LLzrwyudUuZt-qfydk4MA8NdUj-shk/getUpdates "HTTP/1.1 200 OK"
2026-04-16 14:33:14,169 - httpx - INFO - HTTP Request: POST https://api.telegram.org/bot8611416012:AAHo_LLzrwyudUuZt-qfydk4MA8NdUj-shk/getUpdates "HTTP/1.1 200 OK"
2026-04-16 14:33:24,259 - httpx - INFO - HTTP Request: POST https://api.telegram.org/bot8611416012:AAHo_LLzrwyudUuZt-qfydk4MA8NdUj-shk/getUpdates "HTTP/1.1 200 OK"
2026-04-16 14:33:34,291 - httpx - INFO - HTTP Request: POST https://api.telegram.org/bot8611416012:AAHo_LLzrwyudUuZt-qfydk4MA8NdUj-shk/getUpdates "HTTP/1.1 200 OK"
2026-04-16 14:33:44,375 - httpx - INFO - HTTP Request: POST https://api.telegram.org/bot8611416012:AAHo_LLzrwyudUuZt-qfydk4MA8NdUj-shk/getUpdates "HTTP/1.1 200 OK"
2026-04-16 14:33:54,408 - httpx - INFO - HTTP Request: POST https://api.telegram.org/bot8611416012:AAHo_LLzrwyudUuZt-qfydk4MA8NdUj-shk/getUpdates "HTTP/1.1 200 OK"
2026-04-16 14:34:04,434 - httpx - INFO - HTTP Request: POST https://api.telegram.org/bot8611416012:AAHo_LLzrwyudUuZt-qfydk4MA8NdUj-shk/getUpdates "HTTP/1.1 200 OK"
2026-04-16 14:34:14,461 - httpx - INFO - HTTP Request: POST https://api.telegram.org/bot8611416012:AAHo_LLzrwyudUuZt-qfydk4MA8NdUj-shk/getUpdates "HTTP/1.1 200 OK"
2026-04-16 14:34:24,555 - httpx - INFO - HTTP Request: POST https://api.telegram.org/bot8611416012:AAHo_LLzrwyudUuZt-qfydk4MA8NdUj-shk/getUpdates "HTTP/1.1 200 OK"
2026-04-16 14:34:34,582 - httpx - INFO - HTTP Request: POST https://api.telegram.org/bot8611416012:AAHo_LLzrwyudUuZt-qfydk4MA8NdUj-shk/getUpdates "HTTP/1.1 200 OK"
2026-04-16 14:34:44,668 - httpx - INFO - HTTP Request: POST https://api.telegram.org/bot8611416012:AAHo_LLzrwyudUuZt-qfydk4MA8NdUj-shk/getUpdates "HTTP/1.1 200 OK"
2026-04-16 14:34:54,699 - httpx - INFO - HTTP Request: POST https://api.telegram.org/bot8611416012:AAHo_LLzrwyudUuZt-qfydk4MA8NdUj-shk/getUpdates "HTTP/1.1 200 OK"
2026-04-16 14:35:04,724 - httpx - INFO - HTTP Request: POST https://api.telegram.org/bot8611416012:AAHo_LLzrwyudUuZt-qfydk4MA8NdUj-shk/getUpdates "HTTP/1.1 200 OK"
2026-04-16 14:35:14,751 - httpx - INFO - HTTP Request: POST https://api.telegram.org/bot8611416012:AAHo_LLzrwyudUuZt-qfydk4MA8NdUj-shk/getUpdates "HTTP/1.1 200 OK"
2026-04-16 14:35:24,914 - httpx - INFO - HTTP Request: POST https://api.telegram.org/bot8611416012:AAHo_LLzrwyudUuZt-qfydk4MA8NdUj-shk/getUpdates "HTTP/1.1 200 OK"
2026-04-16 14:35:35,000 - httpx - INFO - HTTP Request: POST https://api.telegram.org/bot8611416012:AAHo_LLzrwyudUuZt-qfydk4MA8NdUj-shk/getUpdates "HTTP/1.1 200 OK"
2026-04-16 14:35:45,026 - httpx - INFO - HTTP Request: POST https://api.telegram.org/bot8611416012:AAHo_LLzrwyudUuZt-qfydk4MA8NdUj-shk/getUpdates "HTTP/1.1 200 OK"
2026-04-16 14:35:55,054 - httpx - INFO - HTTP Request: POST https://api.telegram.org/bot8611416012:AAHo_LLzrwyudUuZt-qfydk4MA8NdUj-shk/getUpdates "HTTP/1.1 200 OK"
2026-04-16 14:36:05,082 - httpx - INFO - HTTP Request: POST https://api.telegram.org/bot8611416012:AAHo_LLzrwyudUuZt-qfydk4MA8NdUj-shk/getUpdates "HTTP/1.1 200 OK"
2026-04-16 14:36:15,180 - httpx - INFO - HTTP Request: POST https://api.telegram.org/bot8611416012:AAHo_LLzrwyudUuZt-qfydk4MA8NdUj-shk/getUpdates "HTTP/1.1 200 OK"
2026-04-16 14:36:25,208 - httpx - INFO - HTTP Request: POST https://api.telegram.org/bot8611416012:AAHo_LLzrwyudUuZt-qfydk4MA8NdUj-shk/getUpdates "HTTP/1.1 200 OK"
2026-04-16 14:36:35,292 - httpx - INFO - HTTP Request: POST https://api.telegram.org/bot8611416012:AAHo_LLzrwyudUuZt-qfydk4MA8NdUj-shk/getUpdates "HTTP/1.1 200 OK"
2026-04-16 14:36:45,318 - httpx - INFO - HTTP Request: POST https://api.telegram.org/bot8611416012:AAHo_LLzrwyudUuZt-qfydk4MA8NdUj-shk/getUpdates "HTTP/1.1 200 OK"
2026-04-16 14:36:55,347 - httpx - INFO - HTTP Request: POST https://api.telegram.org/bot8611416012:AAHo_LLzrwyudUuZt-qfydk4MA8NdUj-shk/getUpdates "HTTP/1.1 200 OK"
2026-04-16 14:37:05,376 - httpx - INFO - HTTP Request: POST https://api.telegram.org/bot8611416012:AAHo_LLzrwyudUuZt-qfydk4MA8NdUj-shk/getUpdates "HTTP/1.1 200 OK"
2026-04-16 14:37:15,470 - httpx - INFO - HTTP Request: POST https://api.telegram.org/bot8611416012:AAHo_LLzrwyudUuZt-qfydk4MA8NdUj-shk/getUpdates "HTTP/1.1 200 OK"
2026-04-16 14:37:25,513 - httpx - INFO - HTTP Request: POST https://api.telegram.org/bot8611416012:AAHo_LLzrwyudUuZt-qfydk4MA8NdUj-shk/getUpdates "HTTP/1.1 200 OK"
2026-04-16 14:37:33,822 - httpx - INFO - HTTP Request: POST https://api.telegram.org/bot8611416012:AAHo_LLzrwyudUuZt-qfydk4MA8NdUj-shk/getUpdates "HTTP/1.1 200 OK"
2026-04-16 14:37:34,010 - httpx - INFO - HTTP Request: POST https://api.telegram.org/bot8611416012:AAHo_LLzrwyudUuZt-qfydk4MA8NdUj-shk/sendMessage "HTTP/1.1 200 OK"
2026-04-16 14:37:43,854 - httpx - INFO - HTTP Request: POST https://api.telegram.org/bot8611416012:AAHo_LLzrwyudUuZt-qfydk4MA8NdUj-shk/getUpdates "HTTP/1.1 200 OK"
2026-04-16 14:37:46,161 - httpx - INFO - HTTP Request: POST https://api.telegram.org/bot8611416012:AAHo_LLzrwyudUuZt-qfydk4MA8NdUj-shk/getUpdates "HTTP/1.1 200 OK"
2026-04-16 14:37:46,407 - httpx - INFO - HTTP Request: POST https://api.telegram.org/bot8611416012:AAHo_LLzrwyudUuZt-qfydk4MA8NdUj-shk/sendMessage "HTTP/1.1 200 OK"
2026-04-16 14:37:56,200 - httpx - INFO - HTTP Request: POST https://api.telegram.org/bot8611416012:AAHo_LLzrwyudUuZt-qfydk4MA8NdUj-shk/getUpdates "HTTP/1.1 200 OK"
2026-04-16 14:38:06,328 - httpx - INFO - HTTP Request: POST https://api.telegram.org/bot8611416012:AAHo_LLzrwyudUuZt-qfydk4MA8NdUj-shk/getUpdates "HTTP/1.1 200 OK"
2026-04-16 14:38:16,364 - httpx - INFO - HTTP Request: POST https://api.telegram.org/bot8611416012:AAHo_LLzrwyudUuZt-qfydk4MA8NdUj-shk/getUpdates "HTTP/1.1 200 OK"
2026-04-16 14:38:18,580 - httpx - INFO - HTTP Request: POST https://api.telegram.org/bot8611416012:AAHo_LLzrwyudUuZt-qfydk4MA8NdUj-shk/getUpdates "HTTP/1.1 200 OK"
2026-04-16 14:38:18,764 - httpx - INFO - HTTP Request: POST https://api.telegram.org/bot8611416012:AAHo_LLzrwyudUuZt-qfydk4MA8NdUj-shk/sendMessage "HTTP/1.1 200 OK"
2026-04-16 14:38:28,623 - httpx - INFO - HTTP Request: POST https://api.telegram.org/bot8611416012:AAHo_LLzrwyudUuZt-qfydk4MA8NdUj-shk/getUpdates "HTTP/1.1 200 OK"
2026-04-16 14:38:32,055 - httpx - INFO - HTTP Request: POST https://api.telegram.org/bot8611416012:AAHo_LLzrwyudUuZt-qfydk4MA8NdUj-shk/getUpdates "HTTP/1.1 200 OK"
2026-04-16 14:38:32,262 - httpx - INFO - HTTP Request: POST https://api.telegram.org/bot8611416012:AAHo_LLzrwyudUuZt-qfydk4MA8NdUj-shk/sendMessage "HTTP/1.1 200 OK"
2026-04-16 14:38:42,172 - httpx - INFO - HTTP Request: POST https://api.telegram.org/bot8611416012:AAHo_LLzrwyudUuZt-qfydk4MA8NdUj-shk/getUpdates "HTTP/1.1 200 OK"
2026-04-16 14:38:52,202 - httpx - INFO - HTTP Request: POST https://api.telegram.org/bot8611416012:AAHo_LLzrwyudUuZt-qfydk4MA8NdUj-shk/getUpdates "HTTP/1.1 200 OK"
2026-04-16 14:39:02,234 - httpx - INFO - HTTP Request: POST https://api.telegram.org/bot8611416012:AAHo_LLzrwyudUuZt-qfydk4MA8NdUj-shk/getUpdates "HTTP/1.1 200 OK"
2026-04-16 14:39:12,266 - httpx - INFO - HTTP Request: POST https://api.telegram.org/bot8611416012:AAHo_LLzrwyudUuZt-qfydk4MA8NdUj-shk/getUpdates "HTTP/1.1 200 OK"
2026-04-16 14:39:22,354 - httpx - INFO - HTTP Request: POST https://api.telegram.org/bot8611416012:AAHo_LLzrwyudUuZt-qfydk4MA8NdUj-shk/getUpdates "HTTP/1.1 200 OK"
2026-04-16 14:39:32,380 - httpx - INFO - HTTP Request: POST https://api.telegram.org/bot8611416012:AAHo_LLzrwyudUuZt-qfydk4MA8NdUj-shk/getUpdates "HTTP/1.1 200 OK"
2026-04-16 14:39:42,463 - httpx - INFO - HTTP Request: POST https://api.telegram.org/bot8611416012:AAHo_LLzrwyudUuZt-qfydk4MA8NdUj-shk/getUpdates "HTTP/1.1 200 OK"
2026-04-16 14:39:52,494 - httpx - INFO - HTTP Request: POST https://api.telegram.org/bot8611416012:AAHo_LLzrwyudUuZt-qfydk4MA8NdUj-shk/getUpdates "HTTP/1.1 200 OK"
2026-04-16 14:40:02,582 - httpx - INFO - HTTP Request: POST https://api.telegram.org/bot8611416012:AAHo_LLzrwyudUuZt-qfydk4MA8NdUj-shk/getUpdates "HTTP/1.1 200 OK"
2026-04-16 14:40:12,683 - httpx - INFO - HTTP Request: POST https://api.telegram.org/bot8611416012:AAHo_LLzrwyudUuZt-qfydk4MA8NdUj-shk/getUpdates "HTTP/1.1 200 OK"
2026-04-16 14:40:22,712 - httpx - INFO - HTTP Request: POST https://api.telegram.org/bot8611416012:AAHo_LLzrwyudUuZt-qfydk4MA8NdUj-shk/getUpdates "HTTP/1.1 200 OK"
2026-04-16 14:40:32,796 - httpx - INFO - HTTP Request: POST https://api.telegram.org/bot8611416012:AAHo_LLzrwyudUuZt-qfydk4MA8NdUj-shk/getUpdates "HTTP/1.1 200 OK"
2026-04-16 14:40:42,825 - httpx - INFO - HTTP Request: POST https://api.telegram.org/bot8611416012:AAHo_LLzrwyudUuZt-qfydk4MA8NdUj-shk/getUpdates "HTTP/1.1 200 OK"
2026-04-16 14:40:52,853 - httpx - INFO - HTTP Request: POST https://api.telegram.org/bot8611416012:AAHo_LLzrwyudUuZt-qfydk4MA8NdUj-shk/getUpdates "HTTP/1.1 200 OK"
2026-04-16 14:41:02,883 - httpx - INFO - HTTP Request: POST https://api.telegram.org/bot8611416012:AAHo_LLzrwyudUuZt-qfydk4MA8NdUj-shk/getUpdates "HTTP/1.1 200 OK"
2026-04-16 14:41:12,976 - httpx - INFO - HTTP Request: POST https://api.telegram.org/bot8611416012:AAHo_LLzrwyudUuZt-qfydk4MA8NdUj-shk/getUpdates "HTTP/1.1 200 OK"
2026-04-16 14:41:23,005 - httpx - INFO - HTTP Request: POST https://api.telegram.org/bot8611416012:AAHo_LLzrwyudUuZt-qfydk4MA8NdUj-shk/getUpdates "HTTP/1.1 200 OK"
2026-04-16 14:41:33,089 - httpx - INFO - HTTP Request: POST https://api.telegram.org/bot8611416012:AAHo_LLzrwyudUuZt-qfydk4MA8NdUj-shk/getUpdates "HTTP/1.1 200 OK"
2026-04-16 14:41:43,118 - httpx - INFO - HTTP Request: POST https://api.telegram.org/bot8611416012:AAHo_LLzrwyudUuZt-qfydk4MA8NdUj-shk/getUpdates "HTTP/1.1 200 OK"
2026-04-16 14:41:53,145 - httpx - INFO - HTTP Request: POST https://api.telegram.org/bot8611416012:AAHo_LLzrwyudUuZt-qfydk4MA8NdUj-shk/getUpdates "HTTP/1.1 200 OK"
2026-04-16 14:42:03,175 - httpx - INFO - HTTP Request: POST https://api.telegram.org/bot8611416012:AAHo_LLzrwyudUuZt-qfydk4MA8NdUj-shk/getUpdates "HTTP/1.1 200 OK"
2026-04-16 14:42:13,268 - httpx - INFO - HTTP Request: POST https://api.telegram.org/bot8611416012:AAHo_LLzrwyudUuZt-qfydk4MA8NdUj-shk/getUpdates "HTTP/1.1 200 OK"
2026-04-16 14:42:23,294 - httpx - INFO - HTTP Request: POST https://api.telegram.org/bot8611416012:AAHo_LLzrwyudUuZt-qfydk4MA8NdUj-shk/getUpdates "HTTP/1.1 200 OK"
2026-04-16 14:42:33,387 - httpx - INFO - HTTP Request: POST https://api.telegram.org/bot8611416012:AAHo_LLzrwyudUuZt-qfydk4MA8NdUj-shk/getUpdates "HTTP/1.1 200 OK"
2026-04-16 14:42:43,421 - httpx - INFO - HTTP Request: POST https://api.telegram.org/bot8611416012:AAHo_LLzrwyudUuZt-qfydk4MA8NdUj-shk/getUpdates "HTTP/1.1 200 OK"
2026-04-16 14:42:53,449 - httpx - INFO - HTTP Request: POST https://api.telegram.org/bot8611416012:AAHo_LLzrwyudUuZt-qfydk4MA8NdUj-shk/getUpdates "HTTP/1.1 200 OK"
2026-04-16 14:43:03,478 - httpx - INFO - HTTP Request: POST https://api.telegram.org/bot8611416012:AAHo_LLzrwyudUuZt-qfydk4MA8NdUj-shk/getUpdates "HTTP/1.1 200 OK"
2026-04-16 14:43:13,563 - httpx - INFO - HTTP Request: POST https://api.telegram.org/bot8611416012:AAHo_LLzrwyudUuZt-qfydk4MA8NdUj-shk/getUpdates "HTTP/1.1 200 OK"
2026-04-16 14:43:23,591 - httpx - INFO - HTTP Request: POST https://api.telegram.org/bot8611416012:AAHo_LLzrwyudUuZt-qfydk4MA8NdUj-shk/getUpdates "HTTP/1.1 200 OK"
2026-04-16 14:43:33,676 - httpx - INFO - HTTP Request: POST https://api.telegram.org/bot8611416012:AAHo_LLzrwyudUuZt-qfydk4MA8NdUj-shk/getUpdates "HTTP/1.1 200 OK"
2026-04-16 14:43:43,703 - httpx - INFO - HTTP Request: POST https://api.telegram.org/bot8611416012:AAHo_LLzrwyudUuZt-qfydk4MA8NdUj-shk/getUpdates "HTTP/1.1 200 OK"
2026-04-16 14:43:53,732 - httpx - INFO - HTTP Request: POST https://api.telegram.org/bot8611416012:AAHo_LLzrwyudUuZt-qfydk4MA8NdUj-shk/getUpdates "HTTP/1.1 200 OK"
2026-04-16 14:44:03,759 - httpx - INFO - HTTP Request: POST https://api.telegram.org/bot8611416012:AAHo_LLzrwyudUuZt-qfydk4MA8NdUj-shk/getUpdates "HTTP/1.1 200 OK"
2026-04-16 14:44:13,856 - httpx - INFO - HTTP Request: POST https://api.telegram.org/bot8611416012:AAHo_LLzrwyudUuZt-qfydk4MA8NdUj-shk/getUpdates "HTTP/1.1 200 OK"
2026-04-16 14:44:23,886 - httpx - INFO - HTTP Request: POST https://api.telegram.org/bot8611416012:AAHo_LLzrwyudUuZt-qfydk4MA8NdUj-shk/getUpdates "HTTP/1.1 200 OK"
2026-04-16 14:44:33,979 - httpx - INFO - HTTP Request: POST https://api.telegram.org/bot8611416012:AAHo_LLzrwyudUuZt-qfydk4MA8NdUj-shk/getUpdates "HTTP/1.1 200 OK"
2026-04-16 14:44:44,012 - httpx - INFO - HTTP Request: POST https://api.telegram.org/bot8611416012:AAHo_LLzrwyudUuZt-qfydk4MA8NdUj-shk/getUpdates "HTTP/1.1 200 OK"
2026-04-16 14:44:54,040 - httpx - INFO - HTTP Request: POST https://api.telegram.org/bot8611416012:AAHo_LLzrwyudUuZt-qfydk4MA8NdUj-shk/getUpdates "HTTP/1.1 200 OK"
2026-04-16 14:45:04,068 - httpx - INFO - HTTP Request: POST https://api.telegram.org/bot8611416012:AAHo_LLzrwyudUuZt-qfydk4MA8NdUj-shk/getUpdates "HTTP/1.1 200 OK"
2026-04-16 14:45:14,150 - httpx - INFO - HTTP Request: POST https://api.telegram.org/bot8611416012:AAHo_LLzrwyudUuZt-qfydk4MA8NdUj-shk/getUpdates "HTTP/1.1 200 OK"
2026-04-16 14:45:24,178 - httpx - INFO - HTTP Request: POST https://api.telegram.org/bot8611416012:AAHo_LLzrwyudUuZt-qfydk4MA8NdUj-shk/getUpdates "HTTP/1.1 200 OK"
2026-04-16 14:45:34,267 - httpx - INFO - HTTP Request: POST https://api.telegram.org/bot8611416012:AAHo_LLzrwyudUuZt-qfydk4MA8NdUj-shk/getUpdates "HTTP/1.1 200 OK"
2026-04-16 14:45:44,296 - httpx - INFO - HTTP Request: POST https://api.telegram.org/bot8611416012:AAHo_LLzrwyudUuZt-qfydk4MA8NdUj-shk/getUpdates "HTTP/1.1 200 OK"
2026-04-16 14:45:54,324 - httpx - INFO - HTTP Request: POST https://api.telegram.org/bot8611416012:AAHo_LLzrwyudUuZt-qfydk4MA8NdUj-shk/getUpdates "HTTP/1.1 200 OK"
2026-04-16 14:46:04,351 - httpx - INFO - HTTP Request: POST https://api.telegram.org/bot8611416012:AAHo_LLzrwyudUuZt-qfydk4MA8NdUj-shk/getUpdates "HTTP/1.1 200 OK"
2026-04-16 14:46:14,442 - httpx - INFO - HTTP Request: POST https://api.telegram.org/bot8611416012:AAHo_LLzrwyudUuZt-qfydk4MA8NdUj-shk/getUpdates "HTTP/1.1 200 OK"
2026-04-16 14:46:24,471 - httpx - INFO - HTTP Request: POST https://api.telegram.org/bot8611416012:AAHo_LLzrwyudUuZt-qfydk4MA8NdUj-shk/getUpdates "HTTP/1.1 200 OK"
2026-04-16 14:46:34,560 - httpx - INFO - HTTP Request: POST https://api.telegram.org/bot8611416012:AAHo_LLzrwyudUuZt-qfydk4MA8NdUj-shk/getUpdates "HTTP/1.1 200 OK"
2026-04-16 14:46:44,588 - httpx - INFO - HTTP Request: POST https://api.telegram.org/bot8611416012:AAHo_LLzrwyudUuZt-qfydk4MA8NdUj-shk/getUpdates "HTTP/1.1 200 OK"
2026-04-16 14:46:54,657 - httpx - INFO - HTTP Request: POST https://api.telegram.org/bot8611416012:AAHo_LLzrwyudUuZt-qfydk4MA8NdUj-shk/getUpdates "HTTP/1.1 200 OK"
2026-04-16 14:47:04,773 - httpx - INFO - HTTP Request: POST https://api.telegram.org/bot8611416012:AAHo_LLzrwyudUuZt-qfydk4MA8NdUj-shk/getUpdates "HTTP/1.1 200 OK"
2026-04-16 14:47:14,808 - httpx - INFO - HTTP Request: POST https://api.telegram.org/bot8611416012:AAHo_LLzrwyudUuZt-qfydk4MA8NdUj-shk/getUpdates "HTTP/1.1 200 OK"
2026-04-16 14:47:24,886 - httpx - INFO - HTTP Request: POST https://api.telegram.org/bot8611416012:AAHo_LLzrwyudUuZt-qfydk4MA8NdUj-shk/getUpdates "HTTP/1.1 200 OK"
2026-04-16 14:47:34,917 - httpx - INFO - HTTP Request: POST https://api.telegram.org/bot8611416012:AAHo_LLzrwyudUuZt-qfydk4MA8NdUj-shk/getUpdates "HTTP/1.1 200 OK"
2026-04-16 14:47:44,945 - httpx - INFO - HTTP Request: POST https://api.telegram.org/bot8611416012:AAHo_LLzrwyudUuZt-qfydk4MA8NdUj-shk/getUpdates "HTTP/1.1 200 OK"
2026-04-16 14:47:54,976 - httpx - INFO - HTTP Request: POST https://api.telegram.org/bot8611416012:AAHo_LLzrwyudUuZt-qfydk4MA8NdUj-shk/getUpdates "HTTP/1.1 200 OK"
2026-04-16 14:48:05,070 - httpx - INFO - HTTP Request: POST https://api.telegram.org/bot8611416012:AAHo_LLzrwyudUuZt-qfydk4MA8NdUj-shk/getUpdates "HTTP/1.1 200 OK"
2026-04-16 14:48:15,101 - httpx - INFO - HTTP Request: POST https://api.telegram.org/bot8611416012:AAHo_LLzrwyudUuZt-qfydk4MA8NdUj-shk/getUpdates "HTTP/1.1 200 OK"
2026-04-16 14:48:25,183 - httpx - INFO - HTTP Request: POST https://api.telegram.org/bot8611416012:AAHo_LLzrwyudUuZt-qfydk4MA8NdUj-shk/getUpdates "HTTP/1.1 200 OK"
2026-04-16 14:48:35,212 - httpx - INFO - HTTP Request: POST https://api.telegram.org/bot8611416012:AAHo_LLzrwyudUuZt-qfydk4MA8NdUj-shk/getUpdates "HTTP/1.1 200 OK"
2026-04-16 14:48:45,241 - httpx - INFO - HTTP Request: POST https://api.telegram.org/bot8611416012:AAHo_LLzrwyudUuZt-qfydk4MA8NdUj-shk/getUpdates "HTTP/1.1 200 OK"
2026-04-16 14:48:55,271 - httpx - INFO - HTTP Request: POST https://api.telegram.org/bot8611416012:AAHo_LLzrwyudUuZt-qfydk4MA8NdUj-shk/getUpdates "HTTP/1.1 200 OK"
2026-04-16 14:49:05,363 - httpx - INFO - HTTP Request: POST https://api.telegram.org/bot8611416012:AAHo_LLzrwyudUuZt-qfydk4MA8NdUj-shk/getUpdates "HTTP/1.1 200 OK"
2026-04-16 14:49:15,515 - httpx - INFO - HTTP Request: POST https://api.telegram.org/bot8611416012:AAHo_LLzrwyudUuZt-qfydk4MA8NdUj-shk/getUpdates "HTTP/1.1 200 OK"
2026-04-16 14:49:25,546 - httpx - INFO - HTTP Request: POST https://api.telegram.org/bot8611416012:AAHo_LLzrwyudUuZt-qfydk4MA8NdUj-shk/getUpdates "HTTP/1.1 200 OK"
2026-04-16 14:49:35,574 - httpx - INFO - HTTP Request: POST https://api.telegram.org/bot8611416012:AAHo_LLzrwyudUuZt-qfydk4MA8NdUj-shk/getUpdates "HTTP/1.1 200 OK"
2026-04-16 14:49:45,602 - httpx - INFO - HTTP Request: POST https://api.telegram.org/bot8611416012:AAHo_LLzrwyudUuZt-qfydk4MA8NdUj-shk/getUpdates "HTTP/1.1 200 OK"
2026-04-16 14:49:55,693 - httpx - INFO - HTTP Request: POST https://api.telegram.org/bot8611416012:AAHo_LLzrwyudUuZt-qfydk4MA8NdUj-shk/getUpdates "HTTP/1.1 200 OK"
2026-04-16 14:50:05,721 - httpx - INFO - HTTP Request: POST https://api.telegram.org/bot8611416012:AAHo_LLzrwyudUuZt-qfydk4MA8NdUj-shk/getUpdates "HTTP/1.1 200 OK"
2026-04-16 14:50:15,807 - httpx - INFO - HTTP Request: POST https://api.telegram.org/bot8611416012:AAHo_LLzrwyudUuZt-qfydk4MA8NdUj-shk/getUpdates "HTTP/1.1 200 OK"
2026-04-16 14:50:25,840 - httpx - INFO - HTTP Request: POST https://api.telegram.org/bot8611416012:AAHo_LLzrwyudUuZt-qfydk4MA8NdUj-shk/getUpdates "HTTP/1.1 200 OK"
2026-04-16 14:50:35,875 - httpx - INFO - HTTP Request: POST https://api.telegram.org/bot8611416012:AAHo_LLzrwyudUuZt-qfydk4MA8NdUj-shk/getUpdates "HTTP/1.1 200 OK"
2026-04-16 14:50:45,903 - httpx - INFO - HTTP Request: POST https://api.telegram.org/bot8611416012:AAHo_LLzrwyudUuZt-qfydk4MA8NdUj-shk/getUpdates "HTTP/1.1 200 OK"
2026-04-16 14:50:55,984 - httpx - INFO - HTTP Request: POST https://api.telegram.org/bot8611416012:AAHo_LLzrwyudUuZt-qfydk4MA8NdUj-shk/getUpdates "HTTP/1.1 200 OK"
2026-04-16 14:51:06,011 - httpx - INFO - HTTP Request: POST https://api.telegram.org/bot8611416012:AAHo_LLzrwyudUuZt-qfydk4MA8NdUj-shk/getUpdates "HTTP/1.1 200 OK"
2026-04-16 14:51:16,101 - httpx - INFO - HTTP Request: POST https://api.telegram.org/bot8611416012:AAHo_LLzrwyudUuZt-qfydk4MA8NdUj-shk/getUpdates "HTTP/1.1 200 OK"
2026-04-16 14:51:26,129 - httpx - INFO - HTTP Request: POST https://api.telegram.org/bot8611416012:AAHo_LLzrwyudUuZt-qfydk4MA8NdUj-shk/getUpdates "HTTP/1.1 200 OK"
2026-04-16 14:51:36,156 - httpx - INFO - HTTP Request: POST https://api.telegram.org/bot8611416012:AAHo_LLzrwyudUuZt-qfydk4MA8NdUj-shk/getUpdates "HTTP/1.1 200 OK"
2026-04-16 14:51:46,184 - httpx - INFO - HTTP Request: POST https://api.telegram.org/bot8611416012:AAHo_LLzrwyudUuZt-qfydk4MA8NdUj-shk/getUpdates "HTTP/1.1 200 OK"
2026-04-16 14:51:56,283 - httpx - INFO - HTTP Request: POST https://api.telegram.org/bot8611416012:AAHo_LLzrwyudUuZt-qfydk4MA8NdUj-shk/getUpdates "HTTP/1.1 200 OK"
2026-04-16 14:52:06,311 - httpx - INFO - HTTP Request: POST https://api.telegram.org/bot8611416012:AAHo_LLzrwyudUuZt-qfydk4MA8NdUj-shk/getUpdates "HTTP/1.1 200 OK"
2026-04-16 14:52:16,396 - httpx - INFO - HTTP Request: POST https://api.telegram.org/bot8611416012:AAHo_LLzrwyudUuZt-qfydk4MA8NdUj-shk/getUpdates "HTTP/1.1 200 OK"
2026-04-16 14:52:26,425 - httpx - INFO - HTTP Request: POST https://api.telegram.org/bot8611416012:AAHo_LLzrwyudUuZt-qfydk4MA8NdUj-shk/getUpdates "HTTP/1.1 200 OK"
2026-04-16 14:52:36,457 - httpx - INFO - HTTP Request: POST https://api.telegram.org/bot8611416012:AAHo_LLzrwyudUuZt-qfydk4MA8NdUj-shk/getUpdates "HTTP/1.1 200 OK"
2026-04-16 14:52:46,484 - httpx - INFO - HTTP Request: POST https://api.telegram.org/bot8611416012:AAHo_LLzrwyudUuZt-qfydk4MA8NdUj-shk/getUpdates "HTTP/1.1 200 OK"
2026-04-16 14:52:56,576 - httpx - INFO - HTTP Request: POST https://api.telegram.org/bot8611416012:AAHo_LLzrwyudUuZt-qfydk4MA8NdUj-shk/getUpdates "HTTP/1.1 200 OK"
2026-04-16 14:53:06,605 - httpx - INFO - HTTP Request: POST https://api.telegram.org/bot8611416012:AAHo_LLzrwyudUuZt-qfydk4MA8NdUj-shk/getUpdates "HTTP/1.1 200 OK"
2026-04-16 14:53:16,691 - httpx - INFO - HTTP Request: POST https://api.telegram.org/bot8611416012:AAHo_LLzrwyudUuZt-qfydk4MA8NdUj-shk/getUpdates "HTTP/1.1 200 OK"
2026-04-16 14:53:26,717 - httpx - INFO - HTTP Request: POST https://api.telegram.org/bot8611416012:AAHo_LLzrwyudUuZt-qfydk4MA8NdUj-shk/getUpdates "HTTP/1.1 200 OK"
2026-04-16 14:53:36,745 - httpx - INFO - HTTP Request: POST https://api.telegram.org/bot8611416012:AAHo_LLzrwyudUuZt-qfydk4MA8NdUj-shk/getUpdates "HTTP/1.1 200 OK"
2026-04-16 14:53:46,775 - httpx - INFO - HTTP Request: POST https://api.telegram.org/bot8611416012:AAHo_LLzrwyudUuZt-qfydk4MA8NdUj-shk/getUpdates "HTTP/1.1 200 OK"
2026-04-16 14:53:56,868 - httpx - INFO - HTTP Request: POST https://api.telegram.org/bot8611416012:AAHo_LLzrwyudUuZt-qfydk4MA8NdUj-shk/getUpdates "HTTP/1.1 200 OK"
2026-04-16 14:54:06,899 - httpx - INFO - HTTP Request: POST https://api.telegram.org/bot8611416012:AAHo_LLzrwyudUuZt-qfydk4MA8NdUj-shk/getUpdates "HTTP/1.1 200 OK"
2026-04-16 14:54:16,981 - httpx - INFO - HTTP Request: POST https://api.telegram.org/bot8611416012:AAHo_LLzrwyudUuZt-qfydk4MA8NdUj-shk/getUpdates "HTTP/1.1 200 OK"
2026-04-16 14:54:27,012 - httpx - INFO - HTTP Request: POST https://api.telegram.org/bot8611416012:AAHo_LLzrwyudUuZt-qfydk4MA8NdUj-shk/getUpdates "HTTP/1.1 200 OK"
2026-04-16 14:54:37,044 - httpx - INFO - HTTP Request: POST https://api.telegram.org/bot8611416012:AAHo_LLzrwyudUuZt-qfydk4MA8NdUj-shk/getUpdates "HTTP/1.1 200 OK"
2026-04-16 14:54:47,072 - httpx - INFO - HTTP Request: POST https://api.telegram.org/bot8611416012:AAHo_LLzrwyudUuZt-qfydk4MA8NdUj-shk/getUpdates "HTTP/1.1 200 OK"
2026-04-16 14:54:57,161 - httpx - INFO - HTTP Request: POST https://api.telegram.org/bot8611416012:AAHo_LLzrwyudUuZt-qfydk4MA8NdUj-shk/getUpdates "HTTP/1.1 200 OK"
2026-04-16 14:55:07,190 - httpx - INFO - HTTP Request: POST https://api.telegram.org/bot8611416012:AAHo_LLzrwyudUuZt-qfydk4MA8NdUj-shk/getUpdates "HTTP/1.1 200 OK"
2026-04-16 14:55:17,274 - httpx - INFO - HTTP Request: POST https://api.telegram.org/bot8611416012:AAHo_LLzrwyudUuZt-qfydk4MA8NdUj-shk/getUpdates "HTTP/1.1 200 OK"
2026-04-16 14:55:23,053 - httpx - INFO - HTTP Request: POST https://api.telegram.org/bot8611416012:AAHo_LLzrwyudUuZt-qfydk4MA8NdUj-shk/getUpdates "HTTP/1.1 200 OK"
2026-04-16 14:55:33,081 - httpx - INFO - HTTP Request: POST https://api.telegram.org/bot8611416012:AAHo_LLzrwyudUuZt-qfydk4MA8NdUj-shk/getUpdates "HTTP/1.1 200 OK"
2026-04-16 14:55:43,108 - httpx - INFO - HTTP Request: POST https://api.telegram.org/bot8611416012:AAHo_LLzrwyudUuZt-qfydk4MA8NdUj-shk/getUpdates "HTTP/1.1 200 OK"
2026-04-16 14:55:53,138 - httpx - INFO - HTTP Request: POST https://api.telegram.org/bot8611416012:AAHo_LLzrwyudUuZt-qfydk4MA8NdUj-shk/getUpdates "HTTP/1.1 200 OK"
